<?xml version="1.0" encoding="UTF-8"?>
<!-- Generated by org.testng.reporters.JUnitReportReporter -->
<testsuite skipped="0" hostname="LAPTOP-51R58UTH" name="com.selinium_demo.Actions_demo" tests="1" failures="0" timestamp="18 Nov 2020 09:50:53 GMT" time="5.571" errors="0">
  <testcase name="login" time="5.571" classname="com.selinium_demo.Actions_demo"/>
</testsuite> <!-- com.selinium_demo.Actions_demo -->
