<?xml version="1.0" encoding="UTF-8"?>
<!-- Generated by org.testng.reporters.JUnitReportReporter -->
<testsuite skipped="0" hostname="LAPTOP-51R58UTH" name="com.selinium_demo.P_Annotations2" tests="3" failures="0" timestamp="18 Nov 2020 13:03:42 GMT" time="0.021" errors="0">
  <testcase name="Test1" time="0.011" classname="com.selinium_demo.P_Annotations2"/>
  <testcase name="Test3" time="0.004" classname="com.selinium_demo.P_Annotations2"/>
  <testcase name="Test2" time="0.006" classname="com.selinium_demo.P_Annotations2"/>
</testsuite> <!-- com.selinium_demo.P_Annotations2 -->
