<?xml version="1.0" encoding="UTF-8"?>
<!-- Generated by org.testng.reporters.JUnitReportReporter -->
<testsuite skipped="0" hostname="LAPTOP-51R58UTH" name="com.selinium_demo.lab_book51" tests="6" failures="0" timestamp="19 Nov 2020 19:19:01 GMT" time="39.894" errors="0">
  <testcase name="Launch_application" time="13.490" classname="com.selinium_demo.lab_book51"/>
  <testcase name="Your_Personal_details" time="5.356" classname="com.selinium_demo.lab_book51"/>
  <testcase name="Your_Personal_details" time="5.213" classname="com.selinium_demo.lab_book51"/>
  <testcase name="Your_Personal_details" time="5.385" classname="com.selinium_demo.lab_book51"/>
  <testcase name="For_Password" time="3.560" classname="com.selinium_demo.lab_book51"/>
  <testcase name="For_Newsletter" time="6.890" classname="com.selinium_demo.lab_book51"/>
</testsuite> <!-- com.selinium_demo.lab_book51 -->
