<?xml version="1.0" encoding="UTF-8"?>
<!-- Generated by org.testng.reporters.JUnitReportReporter -->
<testsuite skipped="2" hostname="LAPTOP-51R58UTH" name="com.selinium_demo.P_Annotations" tests="3" failures="0" timestamp="18 Nov 2020 13:02:02 GMT" time="0.009" errors="0">
  <testcase name="gmail" time="0.009" classname="com.selinium_demo.P_Annotations"/>
  <testcase name="google" classname="com.selinium_demo.P_Annotations">
    <skipped/>
  </testcase> <!-- google -->
  <testcase name="facebook" classname="com.selinium_demo.P_Annotations">
    <skipped/>
  </testcase> <!-- facebook -->
</testsuite> <!-- com.selinium_demo.P_Annotations -->
