<?xml version="1.0" encoding="UTF-8"?>
<!-- Generated by org.testng.reporters.JUnitReportReporter -->
<testsuite skipped="0" hostname="LAPTOP-51R58UTH" name="com.selinium_demo.P_Screenshot" tests="1" failures="0" timestamp="19 Nov 2020 05:21:58 GMT" time="14.141" errors="0">
  <testcase name="capturescreen" time="14.141" classname="com.selinium_demo.P_Screenshot"/>
</testsuite> <!-- com.selinium_demo.P_Screenshot -->
