<?xml version="1.0" encoding="UTF-8"?>
<!-- Generated by org.testng.reporters.JUnitReportReporter -->
<testsuite skipped="0" hostname="LAPTOP-51R58UTH" name="com.selinium_demo.Hdfc_frames_demo" tests="1" failures="0" timestamp="28 Nov 2020 13:30:03 GMT" time="13.509" errors="0">
  <testcase name="hdfc_frame" time="13.509" classname="com.selinium_demo.Hdfc_frames_demo"/>
</testsuite> <!-- com.selinium_demo.Hdfc_frames_demo -->
