<?xml version="1.0" encoding="UTF-8"?>
<!-- Generated by org.testng.reporters.JUnitReportReporter -->
<testsuite skipped="0" hostname="LAPTOP-51R58UTH" name="com.selinium_demo.P_excel_import" tests="1" failures="0" timestamp="24 Nov 2020 10:20:06 GMT" time="59.884" errors="0">
  <testcase name="ReadWrite" time="59.884" classname="com.selinium_demo.P_excel_import"/>
</testsuite> <!-- com.selinium_demo.P_excel_import -->
