<?xml version="1.0" encoding="UTF-8"?>
<!-- Generated by org.testng.reporters.JUnitReportReporter -->
<testsuite skipped="0" hostname="LAPTOP-51R58UTH" name="com.selinium_demo.Lab_book5_full" tests="6" failures="0" timestamp="20 Nov 2020 03:54:26 GMT" time="41.270" errors="0">
  <testcase name="Launch_application" time="12.722" classname="com.selinium_demo.Lab_book5_full"/>
  <testcase name="Your_Personal_details" time="5.933" classname="com.selinium_demo.Lab_book5_full"/>
  <testcase name="Your_Personal_details" time="5.892" classname="com.selinium_demo.Lab_book5_full"/>
  <testcase name="Your_Personal_details" time="6.021" classname="com.selinium_demo.Lab_book5_full"/>
  <testcase name="For_Password" time="3.701" classname="com.selinium_demo.Lab_book5_full"/>
  <testcase name="For_Newsletter" time="7.001" classname="com.selinium_demo.Lab_book5_full"/>
</testsuite> <!-- com.selinium_demo.Lab_book5_full -->
