<?xml version="1.0" encoding="UTF-8"?>
<!-- Generated by org.testng.reporters.JUnitReportReporter -->
<testsuite skipped="0" hostname="LAPTOP-51R58UTH" name="com.selinium_demo.P_Dependancy" tests="3" failures="0" timestamp="18 Nov 2020 13:05:59 GMT" time="0.027" errors="0">
  <testcase name="SignIn" time="0.003" classname="com.selinium_demo.P_Dependancy"/>
  <testcase name="LogOut" time="0.001" classname="com.selinium_demo.P_Dependancy"/>
  <testcase name="OpenBrowser" time="0.023" classname="com.selinium_demo.P_Dependancy"/>
</testsuite> <!-- com.selinium_demo.P_Dependancy -->
