<?xml version="1.0" encoding="UTF-8"?>
<!-- Generated by org.testng.reporters.JUnitReportReporter -->
<testsuite skipped="0" hostname="LAPTOP-51R58UTH" name="com.selinium_demo.P_Actions" tests="1" failures="0" timestamp="18 Nov 2020 13:13:55 GMT" time="4.065" errors="0">
  <testcase name="login" time="4.065" classname="com.selinium_demo.P_Actions"/>
</testsuite> <!-- com.selinium_demo.P_Actions -->
