<?xml version="1.0" encoding="UTF-8"?>
<!-- Generated by org.testng.reporters.JUnitReportReporter -->
<testsuite skipped="0" hostname="LAPTOP-51R58UTH" name="com.selinium_demo.P_Dataprovider" tests="3" failures="0" timestamp="18 Nov 2020 13:19:16 GMT" time="27.836" errors="0">
  <testcase name="test99" time="11.607" classname="com.selinium_demo.P_Dataprovider"/>
  <testcase name="test99" time="8.351" classname="com.selinium_demo.P_Dataprovider"/>
  <testcase name="test99" time="7.878" classname="com.selinium_demo.P_Dataprovider"/>
</testsuite> <!-- com.selinium_demo.P_Dataprovider -->
