<?xml version="1.0" encoding="UTF-8"?>
<!-- Generated by org.testng.reporters.JUnitReportReporter -->
<testsuite skipped="0" hostname="LAPTOP-51R58UTH" name="com.selinium_demo.List_guru99" tests="1" failures="0" timestamp="18 Nov 2020 10:08:45 GMT" time="19.126" errors="0">
  <testcase name="login" time="19.126" classname="com.selinium_demo.List_guru99"/>
</testsuite> <!-- com.selinium_demo.List_guru99 -->
