<?xml version="1.0" encoding="UTF-8"?>
<!-- Generated by org.testng.reporters.JUnitReportReporter -->
<testsuite skipped="0" hostname="LAPTOP-51R58UTH" name="com.selinium_demo.P_Alert" tests="2" failures="0" timestamp="21 Nov 2020 07:55:16 GMT" time="3.420" errors="0">
  <testcase name="rediff_alert_handling" time="3.418" classname="com.selinium_demo.P_Alert"/>
  <testcase name="registration" time="0.002" classname="com.selinium_demo.P_Alert"/>
</testsuite> <!-- com.selinium_demo.P_Alert -->
