<?xml version="1.0" encoding="UTF-8"?>
<!-- Generated by org.testng.reporters.JUnitReportReporter -->
<testsuite skipped="0" hostname="LAPTOP-51R58UTH" name="com.selinium_demo.Frames_demo" tests="1" failures="0" timestamp="17 Nov 2020 09:23:50 GMT" time="14.557" errors="0">
  <testcase name="Frame_demo" time="14.557" classname="com.selinium_demo.Frames_demo"/>
</testsuite> <!-- com.selinium_demo.Frames_demo -->
