<?xml version="1.0" encoding="UTF-8"?>
<!-- Generated by org.testng.reporters.JUnitReportReporter -->
<testsuite skipped="0" hostname="LAPTOP-51R58UTH" name="com.selinium_demo.Lab_book5" tests="2" failures="0" timestamp="19 Nov 2020 16:55:35 GMT" time="20.637" errors="0">
  <testcase name="launch_browser" time="16.565" classname="com.selinium_demo.Lab_book5"/>
  <testcase name="Your_Personal_details" time="4.072" classname="com.selinium_demo.Lab_book5"/>
</testsuite> <!-- com.selinium_demo.Lab_book5 -->
